<testsuite failures="1"
           name="src/test/java/Functional/MicroServiceDefinitionLayer/Config/authRequest.feature"
           skipped="0"
           tests="1"
           time="0">
   <testcase classname="src.test.java.Functional.MicroServiceDefinitionLayer.Config.authRequest"
             name="Generate Token"
             time="0">
      <failure message="authRequest.feature:19 - evaluation of 'karate-config.js' failed: javascript function call failed: java.lang.RuntimeException: java.io.FileNotFoundException: MicroServiceDefinitionLayer/Config/authRequest.feature (No such file or directory)">* scenario init failed .................................................... failed

Stack Trace:
com.intuit.karate.exception.KarateException: authRequest.feature:19 - evaluation of 'karate-config.js' failed: javascript function call failed: java.lang.RuntimeException: java.io.FileNotFoundException: MicroServiceDefinitionLayer/Config/authRequest.feature (No such file or directory)
	at âœ½.* scenario init failed (authRequest.feature:19)</failure>
   </testcase>
</testsuite>
