<?xml version="1.0" encoding="UTF-8"?>
<testsuite xmlns:xsi="http://www.w3.org/2001/XMLSchema-instance" xsi:noNamespaceSchemaLocation="https://maven.apache.org/surefire/maven-surefire-plugin/xsd/surefire-test-report.xsd" name="Test.TestRunner" time="16.943" tests="8" errors="0" skipped="0" failures="6">
  <properties>
[...]
</properties>
  <testcase name="testAll[1][1]" classname="Test.TestRunner" time="14.872"/>
  <testcase name="testAll[2][1]" classname="Test.TestRunner" time="0.177">
    <failure message="-unknown-:19 - java.io.EOFException: Detect premature EOF" type="org.opentest4j.AssertionFailedError">org.opentest4j.AssertionFailedError: -unknown-:19 - java.io.EOFException: Detect premature EOF
</failure>
    <system-out><![CDATA[07:29:59.997 [main] INFO  com.intuit.karate - karate.env system property was: dev 
07:30:00.005 [main] INFO  com.intuit.karate - AuthenticationToken:  true 
07:30:00.014 [main] INFO  com.intuit.karate - Token_Type:  dummy 
07:30:00.095 [main] ERROR com.intuit.karate - key store init failed: Detect premature EOF
]]></system-out>
  </testcase>
  <testcase name="testAll[2][2]" classname="Test.TestRunner" time="0.027">
    <failure message="-unknown-:19 - java.io.EOFException: Detect premature EOF" type="org.opentest4j.AssertionFailedError">org.opentest4j.AssertionFailedError: -unknown-:19 - java.io.EOFException: Detect premature EOF
</failure>
    <system-out><![CDATA[07:30:00.159 [main] INFO  com.intuit.karate - karate.env system property was: dev 
07:30:00.162 [main] INFO  com.intuit.karate - AuthenticationToken:  true 
07:30:00.162 [main] INFO  com.intuit.karate - Token_Type:  dummy 
07:30:00.172 [main] ERROR com.intuit.karate - key store init failed: Detect premature EOF
]]></system-out>
  </testcase>
  <testcase name="testAll[2][3]" classname="Test.TestRunner" time="0.018">
    <failure message="-unknown-:19 - java.io.EOFException: Detect premature EOF" type="org.opentest4j.AssertionFailedError">org.opentest4j.AssertionFailedError: -unknown-:19 - java.io.EOFException: Detect premature EOF
</failure>
    <system-out><![CDATA[07:30:00.182 [main] INFO  com.intuit.karate - karate.env system property was: dev 
07:30:00.183 [main] INFO  com.intuit.karate - AuthenticationToken:  true 
07:30:00.183 [main] INFO  com.intuit.karate - Token_Type:  dummy 
07:30:00.191 [main] ERROR com.intuit.karate - key store init failed: Detect premature EOF
]]></system-out>
  </testcase>
  <testcase name="testAll[2][4]" classname="Test.TestRunner" time="0.023">
    <failure message="-unknown-:19 - java.io.EOFException: Detect premature EOF" type="org.opentest4j.AssertionFailedError">org.opentest4j.AssertionFailedError: -unknown-:19 - java.io.EOFException: Detect premature EOF
</failure>
    <system-out><![CDATA[07:30:00.200 [main] INFO  com.intuit.karate - karate.env system property was: dev 
07:30:00.201 [main] INFO  com.intuit.karate - AuthenticationToken:  true 
07:30:00.202 [main] INFO  com.intuit.karate - Token_Type:  dummy 
07:30:00.214 [main] ERROR com.intuit.karate - key store init failed: Detect premature EOF
]]></system-out>
  </testcase>
  <testcase name="testAll[2][5]" classname="Test.TestRunner" time="0.015">
    <failure message="-unknown-:19 - java.io.EOFException: Detect premature EOF" type="org.opentest4j.AssertionFailedError">org.opentest4j.AssertionFailedError: -unknown-:19 - java.io.EOFException: Detect premature EOF
</failure>
    <system-out><![CDATA[07:30:00.225 [main] INFO  com.intuit.karate - karate.env system property was: dev 
07:30:00.225 [main] INFO  com.intuit.karate - AuthenticationToken:  true 
07:30:00.226 [main] INFO  com.intuit.karate - Token_Type:  dummy 
07:30:00.230 [main] ERROR com.intuit.karate - key store init failed: Detect premature EOF
]]></system-out>
  </testcase>
  <testcase name="testAll[2][6]" classname="Test.TestRunner" time="0.045">
    <failure message="-unknown-:19 - java.io.EOFException: Detect premature EOF" type="org.opentest4j.AssertionFailedError">org.opentest4j.AssertionFailedError: -unknown-:19 - java.io.EOFException: Detect premature EOF
</failure>
    <system-out><![CDATA[07:30:00.239 [main] INFO  com.intuit.karate - karate.env system property was: dev 
07:30:00.239 [main] INFO  com.intuit.karate - AuthenticationToken:  true 
07:30:00.240 [main] INFO  com.intuit.karate - Token_Type:  dummy 
07:30:00.245 [main] ERROR com.intuit.karate - key store init failed: Detect premature EOF
---------------------------------------------------------
feature: classpath:Test/MicroServiceDefinitionLayer/Test/apiTest.feature
scenarios:  6 | passed:  0 | failed:  6 | time: 0.0831
---------------------------------------------------------
]]></system-out>
  </testcase>
  <testcase name="testAll[3][1]" classname="Test.TestRunner" time="1.005"/>
</testsuite>