-------------------------------------------------------------------------------
Test set: Test.TestRunner
-------------------------------------------------------------------------------
Tests run: 8, Failures: 6, Errors: 0, Skipped: 0, Time elapsed: 16.943 s <<< FAILURE! - in Test.TestRunner
testAll[2][1]  Time elapsed: 0.177 s  <<< FAILURE!
org.opentest4j.AssertionFailedError: -unknown-:19 - java.io.EOFException: Detect premature EOF

testAll[2][2]  Time elapsed: 0.027 s  <<< FAILURE!
org.opentest4j.AssertionFailedError: -unknown-:19 - java.io.EOFException: Detect premature EOF

testAll[2][3]  Time elapsed: 0.018 s  <<< FAILURE!
org.opentest4j.AssertionFailedError: -unknown-:19 - java.io.EOFException: Detect premature EOF

testAll[2][4]  Time elapsed: 0.023 s  <<< FAILURE!
org.opentest4j.AssertionFailedError: -unknown-:19 - java.io.EOFException: Detect premature EOF

testAll[2][5]  Time elapsed: 0.015 s  <<< FAILURE!
org.opentest4j.AssertionFailedError: -unknown-:19 - java.io.EOFException: Detect premature EOF

testAll[2][6]  Time elapsed: 0.045 s  <<< FAILURE!
org.opentest4j.AssertionFailedError: -unknown-:19 - java.io.EOFException: Detect premature EOF

